{"C:\\Users\\rocktim\\Desktop\\anime-chan\\config\\mongo.js": {"path":"C:\\Users\\rocktim\\Desktop\\anime-chan\\config\\mongo.js","statementMap":{"0":{"start":{"line":1,"column":17},"end":{"line":1,"column":36}},"1":{"start":{"line":3,"column":0},"end":{"line":14,"column":2}},"2":{"start":{"line":4,"column":2},"end":{"line":13,"column":3}},"3":{"start":{"line":5,"column":4},"end":{"line":10,"column":7}},"4":{"start":{"line":12,"column":4},"end":{"line":12,"column":16}},"5":{"start":{"line":16,"column":0},"end":{"line":22,"column":2}},"6":{"start":{"line":17,"column":2},"end":{"line":21,"column":3}},"7":{"start":{"line":18,"column":4},"end":{"line":18,"column":32}},"8":{"start":{"line":20,"column":4},"end":{"line":20,"column":16}}},"fnMap":{"0":{"name":"(anonymous_0)","decl":{"start":{"line":3,"column":25},"end":{"line":3,"column":26}},"loc":{"start":{"line":3,"column":37},"end":{"line":14,"column":1}},"line":3},"1":{"name":"(anonymous_1)","decl":{"start":{"line":16,"column":28},"end":{"line":16,"column":29}},"loc":{"start":{"line":16,"column":40},"end":{"line":22,"column":1}},"line":16}},"branchMap":{"0":{"loc":{"start":{"line":5,"column":27},"end":{"line":5,"column":128}},"type":"cond-expr","locations":[{"start":{"line":5,"column":67},"end":{"line":5,"column":104}},{"start":{"line":5,"column":107},"end":{"line":5,"column":128}}],"line":5}},"s":{"0":1,"1":1,"2":1,"3":1,"4":0,"5":1,"6":1,"7":1,"8":0},"f":{"0":1,"1":1},"b":{"0":[1,0]},"_coverageSchema":"1a1c01bbd47fc00a2c39e90264f33305004495a9","hash":"059eb13fcba980f4d04c5cac1243c7a96c0844a8"}
,"C:\\Users\\rocktim\\Desktop\\anime-chan\\config\\server.js": {"path":"C:\\Users\\rocktim\\Desktop\\anime-chan\\config\\server.js","statementMap":{"0":{"start":{"line":1,"column":12},"end":{"line":1,"column":26}},"1":{"start":{"line":2,"column":13},"end":{"line":2,"column":33}},"2":{"start":{"line":3,"column":15},"end":{"line":3,"column":36}},"3":{"start":{"line":4,"column":15},"end":{"line":4,"column":36}},"4":{"start":{"line":5,"column":19},"end":{"line":5,"column":44}},"5":{"start":{"line":7,"column":12},"end":{"line":7,"column":42}},"6":{"start":{"line":8,"column":15},"end":{"line":8,"column":35}},"7":{"start":{"line":10,"column":0},"end":{"line":10,"column":55}},"8":{"start":{"line":10,"column":37},"end":{"line":10,"column":55}},"9":{"start":{"line":11,"column":0},"end":{"line":11,"column":22}},"10":{"start":{"line":12,"column":0},"end":{"line":12,"column":16}},"11":{"start":{"line":13,"column":0},"end":{"line":13,"column":18}},"12":{"start":{"line":14,"column":0},"end":{"line":14,"column":25}},"13":{"start":{"line":16,"column":0},"end":{"line":21,"column":2}},"14":{"start":{"line":17,"column":2},"end":{"line":20,"column":5}},"15":{"start":{"line":19,"column":4},"end":{"line":19,"column":64}}},"fnMap":{"0":{"name":"(anonymous_0)","decl":{"start":{"line":16,"column":25},"end":{"line":16,"column":26}},"loc":{"start":{"line":16,"column":31},"end":{"line":21,"column":1}},"line":16},"1":{"name":"(anonymous_1)","decl":{"start":{"line":17,"column":31},"end":{"line":17,"column":32}},"loc":{"start":{"line":17,"column":37},"end":{"line":20,"column":3}},"line":17}},"branchMap":{"0":{"loc":{"start":{"line":10,"column":0},"end":{"line":10,"column":55}},"type":"if","locations":[{"start":{"line":10,"column":0},"end":{"line":10,"column":55}},{"start":{"line":10,"column":0},"end":{"line":10,"column":55}}],"line":10}},"s":{"0":2,"1":2,"2":2,"3":2,"4":2,"5":2,"6":2,"7":2,"8":0,"9":2,"10":2,"11":2,"12":2,"13":2,"14":0,"15":0},"f":{"0":0,"1":0},"b":{"0":[0,2]},"_coverageSchema":"1a1c01bbd47fc00a2c39e90264f33305004495a9","hash":"1146796d0af5a26585a0e3472f2f80778a32b604"}
,"C:\\Users\\rocktim\\Desktop\\anime-chan\\controller\\index.js": {"path":"C:\\Users\\rocktim\\Desktop\\anime-chan\\controller\\index.js","statementMap":{"0":{"start":{"line":1,"column":41},"end":{"line":1,"column":69}},"1":{"start":{"line":2,"column":14},"end":{"line":2,"column":39}},"2":{"start":{"line":5,"column":2},"end":{"line":5,"column":76}},"3":{"start":{"line":5,"column":25},"end":{"line":5,"column":76}},"4":{"start":{"line":5,"column":42},"end":{"line":5,"column":61}},"5":{"start":{"line":6,"column":2},"end":{"line":6,"column":15}},"6":{"start":{"line":13,"column":0},"end":{"line":16,"column":2}},"7":{"start":{"line":14,"column":17},"end":{"line":14,"column":55}},"8":{"start":{"line":15,"column":2},"end":{"line":15,"column":34}},"9":{"start":{"line":22,"column":0},"end":{"line":27,"column":2}},"10":{"start":{"line":23,"column":19},"end":{"line":23,"column":47}},"11":{"start":{"line":24,"column":17},"end":{"line":24,"column":53}},"12":{"start":{"line":25,"column":20},"end":{"line":25,"column":64}},"13":{"start":{"line":26,"column":2},"end":{"line":26,"column":23}},"14":{"start":{"line":33,"column":0},"end":{"line":49,"column":2}},"15":{"start":{"line":34,"column":31},"end":{"line":34,"column":42}},"16":{"start":{"line":36,"column":2},"end":{"line":40,"column":3}},"17":{"start":{"line":37,"column":4},"end":{"line":37,"column":50}},"18":{"start":{"line":38,"column":4},"end":{"line":38,"column":67}},"19":{"start":{"line":39,"column":4},"end":{"line":39,"column":11}},"20":{"start":{"line":42,"column":17},"end":{"line":42,"column":86}},"21":{"start":{"line":43,"column":2},"end":{"line":47,"column":3}},"22":{"start":{"line":44,"column":4},"end":{"line":44,"column":48}},"23":{"start":{"line":45,"column":4},"end":{"line":45,"column":65}},"24":{"start":{"line":46,"column":4},"end":{"line":46,"column":11}},"25":{"start":{"line":48,"column":2},"end":{"line":48,"column":20}},"26":{"start":{"line":55,"column":0},"end":{"line":71,"column":2}},"27":{"start":{"line":56,"column":30},"end":{"line":56,"column":41}},"28":{"start":{"line":58,"column":2},"end":{"line":62,"column":3}},"29":{"start":{"line":59,"column":4},"end":{"line":59,"column":50}},"30":{"start":{"line":60,"column":4},"end":{"line":60,"column":67}},"31":{"start":{"line":61,"column":4},"end":{"line":61,"column":11}},"32":{"start":{"line":64,"column":17},"end":{"line":64,"column":89}},"33":{"start":{"line":65,"column":2},"end":{"line":69,"column":3}},"34":{"start":{"line":66,"column":4},"end":{"line":66,"column":48}},"35":{"start":{"line":67,"column":4},"end":{"line":67,"column":65}},"36":{"start":{"line":68,"column":4},"end":{"line":68,"column":11}},"37":{"start":{"line":70,"column":2},"end":{"line":70,"column":20}}},"fnMap":{"0":{"name":"shuffleArray","decl":{"start":{"line":4,"column":9},"end":{"line":4,"column":21}},"loc":{"start":{"line":4,"column":29},"end":{"line":7,"column":1}},"line":4},"1":{"name":"(anonymous_1)","decl":{"start":{"line":5,"column":36},"end":{"line":5,"column":37}},"loc":{"start":{"line":5,"column":42},"end":{"line":5,"column":61}},"line":5},"2":{"name":"(anonymous_2)","decl":{"start":{"line":13,"column":22},"end":{"line":13,"column":23}},"loc":{"start":{"line":13,"column":37},"end":{"line":16,"column":1}},"line":13},"3":{"name":"(anonymous_3)","decl":{"start":{"line":22,"column":24},"end":{"line":22,"column":25}},"loc":{"start":{"line":22,"column":39},"end":{"line":27,"column":1}},"line":22},"4":{"name":"(anonymous_4)","decl":{"start":{"line":33,"column":29},"end":{"line":33,"column":30}},"loc":{"start":{"line":33,"column":44},"end":{"line":49,"column":1}},"line":33},"5":{"name":"(anonymous_5)","decl":{"start":{"line":55,"column":33},"end":{"line":55,"column":34}},"loc":{"start":{"line":55,"column":48},"end":{"line":71,"column":1}},"line":55}},"branchMap":{"0":{"loc":{"start":{"line":5,"column":2},"end":{"line":5,"column":76}},"type":"if","locations":[{"start":{"line":5,"column":2},"end":{"line":5,"column":76}},{"start":{"line":5,"column":2},"end":{"line":5,"column":76}}],"line":5},"1":{"loc":{"start":{"line":36,"column":2},"end":{"line":40,"column":3}},"type":"if","locations":[{"start":{"line":36,"column":2},"end":{"line":40,"column":3}},{"start":{"line":36,"column":2},"end":{"line":40,"column":3}}],"line":36},"2":{"loc":{"start":{"line":43,"column":2},"end":{"line":47,"column":3}},"type":"if","locations":[{"start":{"line":43,"column":2},"end":{"line":47,"column":3}},{"start":{"line":43,"column":2},"end":{"line":47,"column":3}}],"line":43},"3":{"loc":{"start":{"line":58,"column":2},"end":{"line":62,"column":3}},"type":"if","locations":[{"start":{"line":58,"column":2},"end":{"line":62,"column":3}},{"start":{"line":58,"column":2},"end":{"line":62,"column":3}}],"line":58},"4":{"loc":{"start":{"line":65,"column":2},"end":{"line":69,"column":3}},"type":"if","locations":[{"start":{"line":65,"column":2},"end":{"line":69,"column":3}},{"start":{"line":65,"column":2},"end":{"line":69,"column":3}}],"line":65}},"s":{"0":2,"1":2,"2":1,"3":1,"4":214,"5":1,"6":2,"7":1,"8":1,"9":2,"10":1,"11":1,"12":1,"13":1,"14":2,"15":5,"16":5,"17":3,"18":3,"19":3,"20":2,"21":2,"22":1,"23":1,"24":1,"25":1,"26":2,"27":5,"28":5,"29":3,"30":3,"31":3,"32":2,"33":2,"34":1,"35":1,"36":1,"37":1},"f":{"0":1,"1":214,"2":1,"3":1,"4":5,"5":5},"b":{"0":[1,0],"1":[3,2],"2":[1,1],"3":[3,2],"4":[1,1]},"_coverageSchema":"1a1c01bbd47fc00a2c39e90264f33305004495a9","hash":"6bca95772d91737afa0bd2933e3912ac98160b0c"}
,"C:\\Users\\rocktim\\Desktop\\anime-chan\\model\\quote.js": {"path":"C:\\Users\\rocktim\\Desktop\\anime-chan\\model\\quote.js","statementMap":{"0":{"start":{"line":1,"column":17},"end":{"line":1,"column":36}},"1":{"start":{"line":3,"column":0},"end":{"line":16,"column":4}}},"fnMap":{},"branchMap":{},"s":{"0":2,"1":2},"f":{},"b":{},"_coverageSchema":"1a1c01bbd47fc00a2c39e90264f33305004495a9","hash":"b130e3f04c2de3006997a0ff4fedaad0a4dccae6"}
,"C:\\Users\\rocktim\\Desktop\\anime-chan\\routes\\index.js": {"path":"C:\\Users\\rocktim\\Desktop\\anime-chan\\routes\\index.js","statementMap":{"0":{"start":{"line":1,"column":15},"end":{"line":1,"column":37}},"1":{"start":{"line":3,"column":15},"end":{"line":3,"column":44}},"2":{"start":{"line":4,"column":15},"end":{"line":4,"column":34}},"3":{"start":{"line":10,"column":0},"end":{"line":12,"column":3}},"4":{"start":{"line":11,"column":2},"end":{"line":11,"column":43}},"5":{"start":{"line":17,"column":0},"end":{"line":17,"column":43}}},"fnMap":{"0":{"name":"(anonymous_0)","decl":{"start":{"line":10,"column":22},"end":{"line":10,"column":23}},"loc":{"start":{"line":10,"column":31},"end":{"line":12,"column":1}},"line":10}},"branchMap":{},"s":{"0":2,"1":2,"2":2,"3":2,"4":1,"5":2},"f":{"0":1},"b":{},"_coverageSchema":"1a1c01bbd47fc00a2c39e90264f33305004495a9","hash":"d351d1b30330322a84afbde19468c056cbb06e09"}
,"C:\\Users\\rocktim\\Desktop\\anime-chan\\routes\\quotes.js": {"path":"C:\\Users\\rocktim\\Desktop\\anime-chan\\routes\\quotes.js","statementMap":{"0":{"start":{"line":1,"column":15},"end":{"line":1,"column":37}},"1":{"start":{"line":3,"column":15},"end":{"line":3,"column":44}},"2":{"start":{"line":4,"column":19},"end":{"line":4,"column":43}},"3":{"start":{"line":10,"column":0},"end":{"line":10,"column":33}},"4":{"start":{"line":16,"column":0},"end":{"line":16,"column":41}},"5":{"start":{"line":22,"column":0},"end":{"line":22,"column":45}},"6":{"start":{"line":28,"column":0},"end":{"line":28,"column":53}}},"fnMap":{},"branchMap":{},"s":{"0":2,"1":2,"2":2,"3":2,"4":2,"5":2,"6":2},"f":{},"b":{},"_coverageSchema":"1a1c01bbd47fc00a2c39e90264f33305004495a9","hash":"e5c72990f73d17e57c4e9ee8be0b457d19c14680"}
,"C:\\Users\\rocktim\\Desktop\\anime-chan\\tests\\seeds\\seeder.js": {"path":"C:\\Users\\rocktim\\Desktop\\anime-chan\\tests\\seeds\\seeder.js","statementMap":{"0":{"start":{"line":1,"column":0},"end":{"line":15,"column":2}},"1":{"start":{"line":3,"column":2},"end":{"line":6,"column":4}},"2":{"start":{"line":8,"column":2},"end":{"line":14,"column":3}},"3":{"start":{"line":9,"column":4},"end":{"line":11,"column":41}},"4":{"start":{"line":13,"column":4},"end":{"line":13,"column":16}}},"fnMap":{"0":{"name":"seedDatabase","decl":{"start":{"line":1,"column":32},"end":{"line":1,"column":44}},"loc":{"start":{"line":1,"column":71},"end":{"line":15,"column":1}},"line":1}},"branchMap":{"0":{"loc":{"start":{"line":9,"column":11},"end":{"line":11,"column":40}},"type":"cond-expr","locations":[{"start":{"line":10,"column":8},"end":{"line":10,"column":36}},{"start":{"line":11,"column":8},"end":{"line":11,"column":40}}],"line":9}},"s":{"0":1,"1":1,"2":1,"3":1,"4":0},"f":{"0":1},"b":{"0":[0,1]},"_coverageSchema":"1a1c01bbd47fc00a2c39e90264f33305004495a9","hash":"b3e6c9289d1c360fcc2822e5e1d54790282f0a6a"}
}
