{"C:\\Users\\rocktim\\Desktop\\anime-chan\\controller\\index.js": {"path":"C:\\Users\\rocktim\\Desktop\\anime-chan\\controller\\index.js","statementMap":{"0":{"start":{"line":1,"column":41},"end":{"line":1,"column":69}},"1":{"start":{"line":2,"column":14},"end":{"line":2,"column":39}},"2":{"start":{"line":5,"column":2},"end":{"line":5,"column":76}},"3":{"start":{"line":5,"column":25},"end":{"line":5,"column":76}},"4":{"start":{"line":5,"column":42},"end":{"line":5,"column":61}},"5":{"start":{"line":6,"column":2},"end":{"line":6,"column":15}},"6":{"start":{"line":13,"column":0},"end":{"line":16,"column":2}},"7":{"start":{"line":14,"column":17},"end":{"line":14,"column":55}},"8":{"start":{"line":15,"column":2},"end":{"line":15,"column":34}},"9":{"start":{"line":22,"column":0},"end":{"line":27,"column":2}},"10":{"start":{"line":23,"column":19},"end":{"line":23,"column":47}},"11":{"start":{"line":24,"column":17},"end":{"line":24,"column":53}},"12":{"start":{"line":25,"column":20},"end":{"line":25,"column":64}},"13":{"start":{"line":26,"column":2},"end":{"line":26,"column":23}},"14":{"start":{"line":33,"column":0},"end":{"line":49,"column":2}},"15":{"start":{"line":34,"column":31},"end":{"line":34,"column":42}},"16":{"start":{"line":36,"column":2},"end":{"line":40,"column":3}},"17":{"start":{"line":37,"column":4},"end":{"line":37,"column":50}},"18":{"start":{"line":38,"column":4},"end":{"line":38,"column":67}},"19":{"start":{"line":39,"column":4},"end":{"line":39,"column":11}},"20":{"start":{"line":42,"column":17},"end":{"line":42,"column":86}},"21":{"start":{"line":43,"column":2},"end":{"line":47,"column":3}},"22":{"start":{"line":44,"column":4},"end":{"line":44,"column":48}},"23":{"start":{"line":45,"column":4},"end":{"line":45,"column":65}},"24":{"start":{"line":46,"column":4},"end":{"line":46,"column":11}},"25":{"start":{"line":48,"column":2},"end":{"line":48,"column":20}},"26":{"start":{"line":55,"column":0},"end":{"line":71,"column":2}},"27":{"start":{"line":56,"column":30},"end":{"line":56,"column":41}},"28":{"start":{"line":58,"column":2},"end":{"line":62,"column":3}},"29":{"start":{"line":59,"column":4},"end":{"line":59,"column":50}},"30":{"start":{"line":60,"column":4},"end":{"line":60,"column":67}},"31":{"start":{"line":61,"column":4},"end":{"line":61,"column":11}},"32":{"start":{"line":64,"column":17},"end":{"line":64,"column":89}},"33":{"start":{"line":65,"column":2},"end":{"line":69,"column":3}},"34":{"start":{"line":66,"column":4},"end":{"line":66,"column":48}},"35":{"start":{"line":67,"column":4},"end":{"line":67,"column":65}},"36":{"start":{"line":68,"column":4},"end":{"line":68,"column":11}},"37":{"start":{"line":70,"column":2},"end":{"line":70,"column":20}}},"fnMap":{"0":{"name":"shuffleArray","decl":{"start":{"line":4,"column":9},"end":{"line":4,"column":21}},"loc":{"start":{"line":4,"column":29},"end":{"line":7,"column":1}},"line":4},"1":{"name":"(anonymous_1)","decl":{"start":{"line":5,"column":36},"end":{"line":5,"column":37}},"loc":{"start":{"line":5,"column":42},"end":{"line":5,"column":61}},"line":5},"2":{"name":"(anonymous_2)","decl":{"start":{"line":13,"column":22},"end":{"line":13,"column":23}},"loc":{"start":{"line":13,"column":37},"end":{"line":16,"column":1}},"line":13},"3":{"name":"(anonymous_3)","decl":{"start":{"line":22,"column":24},"end":{"line":22,"column":25}},"loc":{"start":{"line":22,"column":39},"end":{"line":27,"column":1}},"line":22},"4":{"name":"(anonymous_4)","decl":{"start":{"line":33,"column":29},"end":{"line":33,"column":30}},"loc":{"start":{"line":33,"column":44},"end":{"line":49,"column":1}},"line":33},"5":{"name":"(anonymous_5)","decl":{"start":{"line":55,"column":33},"end":{"line":55,"column":34}},"loc":{"start":{"line":55,"column":48},"end":{"line":71,"column":1}},"line":55}},"branchMap":{"0":{"loc":{"start":{"line":5,"column":2},"end":{"line":5,"column":76}},"type":"if","locations":[{"start":{"line":5,"column":2},"end":{"line":5,"column":76}},{"start":{"line":5,"column":2},"end":{"line":5,"column":76}}],"line":5},"1":{"loc":{"start":{"line":36,"column":2},"end":{"line":40,"column":3}},"type":"if","locations":[{"start":{"line":36,"column":2},"end":{"line":40,"column":3}},{"start":{"line":36,"column":2},"end":{"line":40,"column":3}}],"line":36},"2":{"loc":{"start":{"line":43,"column":2},"end":{"line":47,"column":3}},"type":"if","locations":[{"start":{"line":43,"column":2},"end":{"line":47,"column":3}},{"start":{"line":43,"column":2},"end":{"line":47,"column":3}}],"line":43},"3":{"loc":{"start":{"line":58,"column":2},"end":{"line":62,"column":3}},"type":"if","locations":[{"start":{"line":58,"column":2},"end":{"line":62,"column":3}},{"start":{"line":58,"column":2},"end":{"line":62,"column":3}}],"line":58},"4":{"loc":{"start":{"line":65,"column":2},"end":{"line":69,"column":3}},"type":"if","locations":[{"start":{"line":65,"column":2},"end":{"line":69,"column":3}},{"start":{"line":65,"column":2},"end":{"line":69,"column":3}}],"line":65}},"s":{"0":2,"1":2,"2":1,"3":1,"4":211,"5":1,"6":2,"7":1,"8":1,"9":2,"10":1,"11":1,"12":1,"13":1,"14":2,"15":5,"16":5,"17":3,"18":3,"19":3,"20":2,"21":2,"22":1,"23":1,"24":1,"25":1,"26":2,"27":5,"28":5,"29":3,"30":3,"31":3,"32":2,"33":2,"34":1,"35":1,"36":1,"37":1},"f":{"0":1,"1":211,"2":1,"3":1,"4":5,"5":5},"b":{"0":[1,0],"1":[3,2],"2":[1,1],"3":[3,2],"4":[1,1]},"_coverageSchema":"1a1c01bbd47fc00a2c39e90264f33305004495a9","hash":"6bca95772d91737afa0bd2933e3912ac98160b0c"}
,"C:\\Users\\rocktim\\Desktop\\anime-chan\\routes\\index.js": {"path":"C:\\Users\\rocktim\\Desktop\\anime-chan\\routes\\index.js","statementMap":{"0":{"start":{"line":1,"column":15},"end":{"line":1,"column":37}},"1":{"start":{"line":3,"column":15},"end":{"line":3,"column":44}},"2":{"start":{"line":4,"column":15},"end":{"line":4,"column":34}},"3":{"start":{"line":10,"column":0},"end":{"line":12,"column":3}},"4":{"start":{"line":11,"column":2},"end":{"line":11,"column":43}},"5":{"start":{"line":17,"column":0},"end":{"line":17,"column":43}}},"fnMap":{"0":{"name":"(anonymous_0)","decl":{"start":{"line":10,"column":22},"end":{"line":10,"column":23}},"loc":{"start":{"line":10,"column":31},"end":{"line":12,"column":1}},"line":10}},"branchMap":{},"s":{"0":2,"1":2,"2":2,"3":2,"4":1,"5":2},"f":{"0":1},"b":{},"_coverageSchema":"1a1c01bbd47fc00a2c39e90264f33305004495a9","hash":"d351d1b30330322a84afbde19468c056cbb06e09"}
,"C:\\Users\\rocktim\\Desktop\\anime-chan\\routes\\quotes.js": {"path":"C:\\Users\\rocktim\\Desktop\\anime-chan\\routes\\quotes.js","statementMap":{"0":{"start":{"line":1,"column":15},"end":{"line":1,"column":37}},"1":{"start":{"line":3,"column":15},"end":{"line":3,"column":44}},"2":{"start":{"line":4,"column":19},"end":{"line":4,"column":43}},"3":{"start":{"line":10,"column":0},"end":{"line":10,"column":33}},"4":{"start":{"line":16,"column":0},"end":{"line":16,"column":41}},"5":{"start":{"line":22,"column":0},"end":{"line":22,"column":45}},"6":{"start":{"line":28,"column":0},"end":{"line":28,"column":53}}},"fnMap":{},"branchMap":{},"s":{"0":2,"1":2,"2":2,"3":2,"4":2,"5":2,"6":2},"f":{},"b":{},"_coverageSchema":"1a1c01bbd47fc00a2c39e90264f33305004495a9","hash":"e5c72990f73d17e57c4e9ee8be0b457d19c14680"}
}
