TN:
SF:controller\index.js
FN:4,shuffleArray
FN:5,(anonymous_1)
FN:13,(anonymous_2)
FN:22,(anonymous_3)
FN:33,(anonymous_4)
FN:55,(anonymous_5)
FNF:6
FNH:6
FNDA:1,shuffleArray
FNDA:211,(anonymous_1)
FNDA:1,(anonymous_2)
FNDA:1,(anonymous_3)
FNDA:5,(anonymous_4)
FNDA:5,(anonymous_5)
DA:1,2
DA:2,2
DA:5,211
DA:6,1
DA:13,2
DA:14,1
DA:15,1
DA:22,2
DA:23,1
DA:24,1
DA:25,1
DA:26,1
DA:33,2
DA:34,5
DA:36,5
DA:37,3
DA:38,3
DA:39,3
DA:42,2
DA:43,2
DA:44,1
DA:45,1
DA:46,1
DA:48,1
DA:55,2
DA:56,5
DA:58,5
DA:59,3
DA:60,3
DA:61,3
DA:64,2
DA:65,2
DA:66,1
DA:67,1
DA:68,1
DA:70,1
LF:36
LH:36
BRDA:5,0,0,1
BRDA:5,0,1,0
BRDA:36,1,0,3
BRDA:36,1,1,2
BRDA:43,2,0,1
BRDA:43,2,1,1
BRDA:58,3,0,3
BRDA:58,3,1,2
BRDA:65,4,0,1
BRDA:65,4,1,1
BRF:10
BRH:9
end_of_record
TN:
SF:routes\index.js
FN:10,(anonymous_0)
FNF:1
FNH:1
FNDA:1,(anonymous_0)
DA:1,2
DA:3,2
DA:4,2
DA:10,2
DA:11,1
DA:17,2
LF:6
LH:6
BRF:0
BRH:0
end_of_record
TN:
SF:routes\quotes.js
FNF:0
FNH:0
DA:1,2
DA:3,2
DA:4,2
DA:10,2
DA:16,2
DA:22,2
DA:28,2
LF:7
LH:7
BRF:0
BRH:0
end_of_record
